<?xml version="1.0" encoding="UTF-8"?>
<!-- Generated by org.testng.reporters.JUnitReportReporter -->
<testsuite hostname="PRFT-16812" failures="0" tests="1" name="testcase.iframeTest" time="1.705" errors="0" timestamp="2023-08-28T13:56:44 CDT" skipped="0">
  <testcase classname="testcase.iframeTest" name="iFrameCodeFormat" time="1.705"/>
</testsuite> <!-- testcase.iframeTest -->
