<?xml version="1.0" encoding="UTF-8"?>
<!-- Generated by org.testng.reporters.JUnitReportReporter -->
<testsuite hostname="PRFT-16812" failures="0" tests="4" name="testcase.StatusCodeTest" time="1.973" errors="0" timestamp="2023-08-28T14:24:35 CDT" skipped="0">
  <testcase classname="testcase.StatusCodeTest" name="Status301Test" time="0.286"/>
  <testcase classname="testcase.StatusCodeTest" name="Status200Test" time="1.056"/>
  <testcase classname="testcase.StatusCodeTest" name="Status404Test" time="0.325"/>
  <testcase classname="testcase.StatusCodeTest" name="Status500Test" time="0.306"/>
</testsuite> <!-- testcase.StatusCodeTest -->
